[debug] [2026-02-11T14:09:55.017Z] ----------------------------------------------------------------------
[debug] [2026-02-11T14:09:55.019Z] Command:       C:\Program Files\nodejs\node.exe C:\Users\bcsoft\AppData\Roaming\npm\node_modules\firebase-tools\lib\bin\firebase.js deploy --only functions
[debug] [2026-02-11T14:09:55.020Z] CLI Version:   15.5.1
[debug] [2026-02-11T14:09:55.020Z] Platform:      win32
[debug] [2026-02-11T14:09:55.020Z] Node Version:  v22.20.0
[debug] [2026-02-11T14:09:55.020Z] Time:          Wed Feb 11 2026 15:09:55 GMT+0100 (Ora standard dell’Europa centrale)
[debug] [2026-02-11T14:09:55.020Z] ----------------------------------------------------------------------
[debug] 
[debug] [2026-02-11T14:09:56.132Z] > command requires scopes: ["email","openid","https://www.googleapis.com/auth/cloudplatformprojects.readonly","https://www.googleapis.com/auth/firebase","https://www.googleapis.com/auth/cloud-platform"]
[debug] [2026-02-11T14:09:56.132Z] > authorizing via signed-in user (gozzolif@gmail.com)
[debug] [2026-02-11T14:09:56.133Z] [iam] checking project lyfeumbria for permissions ["cloudfunctions.functions.create","cloudfunctions.functions.delete","cloudfunctions.functions.get","cloudfunctions.functions.list","cloudfunctions.functions.update","cloudfunctions.operations.get","firebase.projects.get"]
[debug] [2026-02-11T14:09:56.133Z] Checked if tokens are valid: false, expires at: 1770816656059
[debug] [2026-02-11T14:09:56.133Z] Checked if tokens are valid: false, expires at: 1770816656059
[debug] [2026-02-11T14:09:56.133Z] > refreshing access token with scopes: []
[debug] [2026-02-11T14:09:56.135Z] >>> [apiv2][query] POST https://www.googleapis.com/oauth2/v3/token [none]
[debug] [2026-02-11T14:09:56.135Z] >>> [apiv2][body] POST https://www.googleapis.com/oauth2/v3/token [omitted]
[debug] [2026-02-11T14:09:56.298Z] <<< [apiv2][status] POST https://www.googleapis.com/oauth2/v3/token 200
[debug] [2026-02-11T14:09:56.298Z] <<< [apiv2][body] POST https://www.googleapis.com/oauth2/v3/token [omitted]
[debug] [2026-02-11T14:09:56.305Z] >>> [apiv2][query] POST https://cloudresourcemanager.googleapis.com/v1/projects/lyfeumbria:testIamPermissions [none]
[debug] [2026-02-11T14:09:56.305Z] >>> [apiv2][(partial)header] POST https://cloudresourcemanager.googleapis.com/v1/projects/lyfeumbria:testIamPermissions  x-goog-user-project=lyfeumbria
[debug] [2026-02-11T14:09:56.305Z] >>> [apiv2][body] POST https://cloudresourcemanager.googleapis.com/v1/projects/lyfeumbria:testIamPermissions {"permissions":["cloudfunctions.functions.create","cloudfunctions.functions.delete","cloudfunctions.functions.get","cloudfunctions.functions.list","cloudfunctions.functions.update","cloudfunctions.operations.get","firebase.projects.get"]}
[debug] [2026-02-11T14:09:57.110Z] <<< [apiv2][status] POST https://cloudresourcemanager.googleapis.com/v1/projects/lyfeumbria:testIamPermissions 200
[debug] [2026-02-11T14:09:57.110Z] <<< [apiv2][body] POST https://cloudresourcemanager.googleapis.com/v1/projects/lyfeumbria:testIamPermissions {"permissions":["cloudfunctions.functions.create","cloudfunctions.functions.delete","cloudfunctions.functions.get","cloudfunctions.functions.list","cloudfunctions.functions.update","cloudfunctions.operations.get","firebase.projects.get"]}
[debug] [2026-02-11T14:09:57.110Z] Checked if tokens are valid: true, expires at: 1770822595298
[debug] [2026-02-11T14:09:57.110Z] Checked if tokens are valid: true, expires at: 1770822595298
[debug] [2026-02-11T14:09:57.111Z] >>> [apiv2][query] POST https://iam.googleapis.com/v1/projects/lyfeumbria/serviceAccounts/lyfeumbria@appspot.gserviceaccount.com:testIamPermissions [none]
[debug] [2026-02-11T14:09:57.111Z] >>> [apiv2][body] POST https://iam.googleapis.com/v1/projects/lyfeumbria/serviceAccounts/lyfeumbria@appspot.gserviceaccount.com:testIamPermissions {"permissions":["iam.serviceAccounts.actAs"]}
[debug] [2026-02-11T14:09:57.938Z] <<< [apiv2][status] POST https://iam.googleapis.com/v1/projects/lyfeumbria/serviceAccounts/lyfeumbria@appspot.gserviceaccount.com:testIamPermissions 200
[debug] [2026-02-11T14:09:57.938Z] <<< [apiv2][body] POST https://iam.googleapis.com/v1/projects/lyfeumbria/serviceAccounts/lyfeumbria@appspot.gserviceaccount.com:testIamPermissions {"permissions":["iam.serviceAccounts.actAs"]}
[info] 
[info] === Deploying to 'lyfeumbria'...
[info] 
[info] i  deploying functions 
[debug] [2026-02-11T14:09:57.942Z] Checked if tokens are valid: true, expires at: 1770822595298
[debug] [2026-02-11T14:09:57.943Z] Checked if tokens are valid: true, expires at: 1770822595298
[debug] [2026-02-11T14:09:57.943Z] >>> [apiv2][query] GET https://cloudresourcemanager.googleapis.com/v1/projects/lyfeumbria [none]
[debug] [2026-02-11T14:09:58.137Z] <<< [apiv2][status] GET https://cloudresourcemanager.googleapis.com/v1/projects/lyfeumbria 200
[debug] [2026-02-11T14:09:58.137Z] <<< [apiv2][body] GET https://cloudresourcemanager.googleapis.com/v1/projects/lyfeumbria {"projectNumber":"627882002142","projectId":"lyfeumbria","lifecycleState":"ACTIVE","name":"LyfeUmbria","labels":{"firebase":"enabled","firebase-core":"disabled"},"createTime":"2026-01-03T08:42:12.828784Z"}
[info] i  functions: preparing codebase default for deployment 
[info] i  functions: ensuring required API cloudfunctions.googleapis.com is enabled... 
[info] i  functions: ensuring required API cloudbuild.googleapis.com is enabled... 
[info] i  artifactregistry: ensuring required API artifactregistry.googleapis.com is enabled... 
[debug] [2026-02-11T14:09:58.140Z] Checked if tokens are valid: true, expires at: 1770822595298
[debug] [2026-02-11T14:09:58.141Z] Checked if tokens are valid: true, expires at: 1770822595298
[debug] [2026-02-11T14:09:58.141Z] >>> [apiv2][query] GET https://firebase.googleapis.com/v1beta1/projects/lyfeumbria/adminSdkConfig [none]
[debug] [2026-02-11T14:09:58.947Z] <<< [apiv2][status] GET https://firebase.googleapis.com/v1beta1/projects/lyfeumbria/adminSdkConfig 200
[debug] [2026-02-11T14:09:58.947Z] <<< [apiv2][body] GET https://firebase.googleapis.com/v1beta1/projects/lyfeumbria/adminSdkConfig {"projectId":"lyfeumbria","storageBucket":"lyfeumbria.firebasestorage.app"}
[debug] [2026-02-11T14:09:58.948Z] Checked if tokens are valid: true, expires at: 1770822595298
[debug] [2026-02-11T14:09:58.948Z] Checked if tokens are valid: true, expires at: 1770822595298
[debug] [2026-02-11T14:09:58.948Z] >>> [apiv2][query] GET https://runtimeconfig.googleapis.com/v1beta1/projects/lyfeumbria/configs [none]
[debug] [2026-02-11T14:09:59.386Z] <<< [apiv2][status] GET https://runtimeconfig.googleapis.com/v1beta1/projects/lyfeumbria/configs 200
[debug] [2026-02-11T14:09:59.386Z] <<< [apiv2][body] GET https://runtimeconfig.googleapis.com/v1beta1/projects/lyfeumbria/configs {}
[debug] [2026-02-11T14:09:59.387Z] Validating nodejs source
[debug] [2026-02-11T14:10:00.049Z] > [functions] package.json contents: {
  "name": "functions",
  "description": "Cloud Functions for Firebase",
  "scripts": {
    "serve": "firebase emulators:start --only functions",
    "shell": "firebase functions:shell",
    "start": "npm run shell",
    "deploy": "firebase deploy --only functions",
    "logs": "firebase functions:log"
  },
  "engines": {
    "node": "24"
  },
  "main": "index.js",
  "dependencies": {
    "dotenv": "^17.2.3",
    "firebase-admin": "^13.6.0",
    "firebase-functions": "^7.0.0",
    "nodemailer": "^7.0.12"
  },
  "devDependencies": {
    "firebase-functions-test": "^3.4.1"
  },
  "private": true
}
[debug] [2026-02-11T14:10:00.049Z] Building nodejs source
[info] i  functions: Loading and analyzing source code for codebase default to determine what to deploy 
[debug] [2026-02-11T14:10:00.050Z] Could not find functions.yaml. Must use http discovery
[debug] [2026-02-11T14:10:00.065Z] Found firebase-functions binary at 'C:\PROGETTI\LYFE\functions\node_modules\.bin\firebase-functions'
[info] Serving at port 8230

[debug] [2026-02-11T14:10:00.564Z] Got response from /__/functions.yaml {"endpoints":{"sendEmail":{"availableMemoryMb":null,"timeoutSeconds":null,"minInstances":null,"maxInstances":null,"ingressSettings":null,"concurrency":null,"serviceAccountEmail":null,"vpc":null,"platform":"gcfv2","labels":{},"callableTrigger":{},"entryPoint":"sendEmail"},"testEmailConnection":{"availableMemoryMb":null,"timeoutSeconds":null,"minInstances":null,"maxInstances":null,"ingressSettings":null,"concurrency":null,"serviceAccountEmail":null,"vpc":null,"platform":"gcfv2","labels":{},"callableTrigger":{},"entryPoint":"testEmailConnection"},"saveEmailConfig":{"availableMemoryMb":null,"timeoutSeconds":null,"minInstances":null,"maxInstances":null,"ingressSettings":null,"concurrency":null,"serviceAccountEmail":null,"vpc":null,"platform":"gcfv2","labels":{},"callableTrigger":{},"entryPoint":"saveEmailConfig"},"getEmailConfig":{"availableMemoryMb":null,"timeoutSeconds":null,"minInstances":null,"maxInstances":null,"ingressSettings":null,"concurrency":null,"serviceAccountEmail":null,"vpc":null,"platform":"gcfv2","labels":{},"callableTrigger":{},"entryPoint":"getEmailConfig"},"checkScadenzeAndNotify":{"availableMemoryMb":null,"timeoutSeconds":null,"minInstances":null,"maxInstances":null,"ingressSettings":null,"concurrency":null,"serviceAccountEmail":null,"vpc":null,"platform":"gcfv2","labels":{},"scheduleTrigger":{"schedule":"0 8 * * *","retryConfig":{},"timeZone":"Europe/Rome"},"entryPoint":"checkScadenzeAndNotify"}},"specVersion":"v1alpha1","requiredAPIs":[{"api":"cloudscheduler.googleapis.com","reason":"Needed for scheduled functions."}],"extensions":{}}
[info] i  extensions: ensuring required API firebaseextensions.googleapis.com is enabled... 
[debug] [2026-02-11T14:10:04.593Z] > command requires scopes: ["email","openid","https://www.googleapis.com/auth/cloudplatformprojects.readonly","https://www.googleapis.com/auth/firebase","https://www.googleapis.com/auth/cloud-platform"]
[debug] [2026-02-11T14:10:04.593Z] > authorizing via signed-in user (gozzolif@gmail.com)
[debug] [2026-02-11T14:10:04.593Z] [iam] checking project lyfeumbria for permissions ["firebase.projects.get","firebaseextensions.instances.list"]
[debug] [2026-02-11T14:10:04.593Z] Checked if tokens are valid: true, expires at: 1770822595298
[debug] [2026-02-11T14:10:04.593Z] Checked if tokens are valid: true, expires at: 1770822595298
[debug] [2026-02-11T14:10:04.593Z] >>> [apiv2][query] POST https://cloudresourcemanager.googleapis.com/v1/projects/lyfeumbria:testIamPermissions [none]
[debug] [2026-02-11T14:10:04.593Z] >>> [apiv2][(partial)header] POST https://cloudresourcemanager.googleapis.com/v1/projects/lyfeumbria:testIamPermissions  x-goog-user-project=lyfeumbria
[debug] [2026-02-11T14:10:04.593Z] >>> [apiv2][body] POST https://cloudresourcemanager.googleapis.com/v1/projects/lyfeumbria:testIamPermissions {"permissions":["firebase.projects.get","firebaseextensions.instances.list"]}
[debug] [2026-02-11T14:10:05.368Z] <<< [apiv2][status] POST https://cloudresourcemanager.googleapis.com/v1/projects/lyfeumbria:testIamPermissions 200
[debug] [2026-02-11T14:10:05.368Z] <<< [apiv2][body] POST https://cloudresourcemanager.googleapis.com/v1/projects/lyfeumbria:testIamPermissions {"permissions":["firebase.projects.get","firebaseextensions.instances.list"]}
[debug] [2026-02-11T14:10:05.369Z] Checked if tokens are valid: true, expires at: 1770822595298
[debug] [2026-02-11T14:10:05.369Z] Checked if tokens are valid: true, expires at: 1770822595298
[debug] [2026-02-11T14:10:05.369Z] >>> [apiv2][query] GET https://firebaseextensions.googleapis.com/v1beta/projects/lyfeumbria/instances pageSize=100&pageToken=
[debug] [2026-02-11T14:10:06.319Z] <<< [apiv2][status] GET https://firebaseextensions.googleapis.com/v1beta/projects/lyfeumbria/instances 200
[debug] [2026-02-11T14:10:06.319Z] <<< [apiv2][body] GET https://firebaseextensions.googleapis.com/v1beta/projects/lyfeumbria/instances {}
[info] i  functions: preparing functions directory for uploading... 
[info] i  functions: packaged C:\PROGETTI\LYFE\functions (72.5 KB) for uploading 
[debug] [2026-02-11T14:10:06.369Z] Checked if tokens are valid: true, expires at: 1770822595298
[debug] [2026-02-11T14:10:06.369Z] Checked if tokens are valid: true, expires at: 1770822595298
[debug] [2026-02-11T14:10:06.369Z] >>> [apiv2][query] GET https://cloudfunctions.googleapis.com/v1/projects/lyfeumbria/locations/-/functions [none]
[debug] [2026-02-11T14:10:06.990Z] <<< [apiv2][status] GET https://cloudfunctions.googleapis.com/v1/projects/lyfeumbria/locations/-/functions 200
[debug] [2026-02-11T14:10:06.990Z] <<< [apiv2][body] GET https://cloudfunctions.googleapis.com/v1/projects/lyfeumbria/locations/-/functions {}
[debug] [2026-02-11T14:10:06.992Z] Checked if tokens are valid: true, expires at: 1770822595298
[debug] [2026-02-11T14:10:06.992Z] Checked if tokens are valid: true, expires at: 1770822595298
[debug] [2026-02-11T14:10:06.992Z] >>> [apiv2][query] GET https://cloudfunctions.googleapis.com/v2/projects/lyfeumbria/locations/-/functions filter=environment%3D%22GEN_2%22
[debug] [2026-02-11T14:10:08.005Z] <<< [apiv2][status] GET https://cloudfunctions.googleapis.com/v2/projects/lyfeumbria/locations/-/functions 200
[debug] [2026-02-11T14:10:08.005Z] <<< [apiv2][body] GET https://cloudfunctions.googleapis.com/v2/projects/lyfeumbria/locations/-/functions {"functions":[{"name":"projects/lyfeumbria/locations/us-central1/functions/sendEmail","buildConfig":{"build":"projects/627882002142/locations/us-central1/builds/f0d0bb5b-cae1-4fb8-bbd2-eaf5fd881205","runtime":"nodejs24","entryPoint":"sendEmail","source":{"storageSource":{"bucket":"gcf-v2-sources-627882002142-us-central1","object":"sendEmail/function-source.zip","generation":"1770813176481168"}},"environmentVariables":{"GOOGLE_NODE_RUN_SCRIPTS":""},"dockerRepository":"projects/lyfeumbria/locations/us-central1/repositories/gcf-artifacts","sourceProvenance":{"resolvedStorageSource":{"bucket":"gcf-v2-sources-627882002142-us-central1","object":"sendEmail/function-source.zip","generation":"1770813176481168"}},"dockerRegistry":"ARTIFACT_REGISTRY","serviceAccount":"projects/lyfeumbria/serviceAccounts/627882002142-compute@developer.gserviceaccount.com","automaticUpdatePolicy":{}},"serviceConfig":{"service":"projects/lyfeumbria/locations/us-central1/services/sendemail","timeoutSeconds":60,"environmentVariables":{"FIREBASE_CONFIG":"{\"projectId\":\"lyfeumbria\",\"storageBucket\":\"lyfeumbria.firebasestorage.app\"}","GCLOUD_PROJECT":"lyfeumbria","EVENTARC_CLOUD_EVENT_SOURCE":"projects/lyfeumbria/locations/us-central1/services/sendEmail","FUNCTION_TARGET":"sendEmail","LOG_EXECUTION_ID":"true"},"ingressSettings":"ALLOW_ALL","uri":"https://sendemail-sat6yplhja-uc.a.run.app","serviceAccountEmail":"627882002142-compute@developer.gserviceaccount.com","availableMemory":"256Mi","allTrafficOnLatestRevision":true,"revision":"sendemail-00001-yis","maxInstanceRequestConcurrency":80,"availableCpu":"1"},"state":"ACTIVE","updateTime":"2026-02-11T12:34:26.423034169Z","labels":{"deployment-tool":"cli-firebase","deployment-callable":"true","firebase-functions-hash":"8402b9ce5b6a951104155a720b4dfd3072a376fe"},"environment":"GEN_2","url":"https://us-central1-lyfeumbria.cloudfunctions.net/sendEmail","createTime":"2026-02-11T12:32:57.504201066Z","satisfiesPzi":true},{"name":"projects/lyfeumbria/locations/us-central1/functions/saveEmailConfig","buildConfig":{"build":"projects/627882002142/locations/us-central1/builds/f0d0bb5b-cae1-4fb8-bbd2-eaf5fd881205","runtime":"nodejs24","entryPoint":"saveEmailConfig","source":{"storageSource":{"bucket":"gcf-v2-sources-627882002142-us-central1","object":"saveEmailConfig/function-source.zip","generation":"1770813263183122"}},"environmentVariables":{"GOOGLE_NODE_RUN_SCRIPTS":""},"dockerRepository":"projects/lyfeumbria/locations/us-central1/repositories/gcf-artifacts","sourceProvenance":{"resolvedStorageSource":{"bucket":"gcf-v2-sources-627882002142-us-central1","object":"saveEmailConfig/function-source.zip","generation":"1770813263183122"}},"dockerRegistry":"ARTIFACT_REGISTRY","serviceAccount":"projects/lyfeumbria/serviceAccounts/627882002142-compute@developer.gserviceaccount.com","automaticUpdatePolicy":{}},"serviceConfig":{"service":"projects/lyfeumbria/locations/us-central1/services/saveemailconfig","timeoutSeconds":60,"environmentVariables":{"FIREBASE_CONFIG":"{\"projectId\":\"lyfeumbria\",\"storageBucket\":\"lyfeumbria.firebasestorage.app\"}","GCLOUD_PROJECT":"lyfeumbria","EVENTARC_CLOUD_EVENT_SOURCE":"projects/lyfeumbria/locations/us-central1/services/saveEmailConfig","FUNCTION_TARGET":"saveEmailConfig","LOG_EXECUTION_ID":"true","FUNCTION_SIGNATURE_TYPE":"http"},"ingressSettings":"ALLOW_ALL","uri":"https://saveemailconfig-sat6yplhja-uc.a.run.app","serviceAccountEmail":"627882002142-compute@developer.gserviceaccount.com","availableMemory":"256Mi","allTrafficOnLatestRevision":true,"revision":"saveemailconfig-00001-dib","maxInstanceRequestConcurrency":80,"availableCpu":"1"},"state":"ACTIVE","updateTime":"2026-02-11T12:34:30.320754479Z","labels":{"deployment-callable":"true","firebase-functions-hash":"8402b9ce5b6a951104155a720b4dfd3072a376fe","deployment-tool":"cli-firebase"},"environment":"GEN_2","url":"https://us-central1-lyfeumbria.cloudfunctions.net/saveEmailConfig","createTime":"2026-02-11T12:34:23.411879609Z","satisfiesPzi":true},{"name":"projects/lyfeumbria/locations/us-central1/functions/checkScadenzeAndNotify","buildConfig":{"build":"projects/627882002142/locations/us-central1/builds/f0d0bb5b-cae1-4fb8-bbd2-eaf5fd881205","runtime":"nodejs24","entryPoint":"checkScadenzeAndNotify","source":{"storageSource":{"bucket":"gcf-v2-sources-627882002142-us-central1","object":"checkScadenzeAndNotify/function-source.zip","generation":"1770813263147862"}},"environmentVariables":{"GOOGLE_NODE_RUN_SCRIPTS":""},"dockerRepository":"projects/lyfeumbria/locations/us-central1/repositories/gcf-artifacts","sourceProvenance":{"resolvedStorageSource":{"bucket":"gcf-v2-sources-627882002142-us-central1","object":"checkScadenzeAndNotify/function-source.zip","generation":"1770813263147862"}},"dockerRegistry":"ARTIFACT_REGISTRY","serviceAccount":"projects/lyfeumbria/serviceAccounts/627882002142-compute@developer.gserviceaccount.com","automaticUpdatePolicy":{}},"serviceConfig":{"service":"projects/lyfeumbria/locations/us-central1/services/checkscadenzeandnotify","timeoutSeconds":60,"environmentVariables":{"FIREBASE_CONFIG":"{\"projectId\":\"lyfeumbria\",\"storageBucket\":\"lyfeumbria.firebasestorage.app\"}","GCLOUD_PROJECT":"lyfeumbria","EVENTARC_CLOUD_EVENT_SOURCE":"projects/lyfeumbria/locations/us-central1/services/checkScadenzeAndNotify","FUNCTION_TARGET":"checkScadenzeAndNotify","LOG_EXECUTION_ID":"true","FUNCTION_SIGNATURE_TYPE":"http"},"ingressSettings":"ALLOW_ALL","uri":"https://checkscadenzeandnotify-sat6yplhja-uc.a.run.app","serviceAccountEmail":"627882002142-compute@developer.gserviceaccount.com","availableMemory":"256Mi","allTrafficOnLatestRevision":true,"revision":"checkscadenzeandnotify-00001-jez","maxInstanceRequestConcurrency":80,"availableCpu":"1"},"state":"ACTIVE","updateTime":"2026-02-11T12:34:30.414514410Z","labels":{"deployment-scheduled":"true","firebase-functions-hash":"8402b9ce5b6a951104155a720b4dfd3072a376fe","deployment-tool":"cli-firebase"},"environment":"GEN_2","url":"https://us-central1-lyfeumbria.cloudfunctions.net/checkScadenzeAndNotify","createTime":"2026-02-11T12:34:23.358588427Z","satisfiesPzi":true},{"name":"projects/lyfeumbria/locations/us-central1/functions/testEmailConnection","buildConfig":{"build":"projects/627882002142/locations/us-central1/builds/f0d0bb5b-cae1-4fb8-bbd2-eaf5fd881205","runtime":"nodejs24","entryPoint":"testEmailConnection","source":{"storageSource":{"bucket":"gcf-v2-sources-627882002142-us-central1","object":"testEmailConnection/function-source.zip","generation":"1770813263133687"}},"environmentVariables":{"GOOGLE_NODE_RUN_SCRIPTS":""},"dockerRepository":"projects/lyfeumbria/locations/us-central1/repositories/gcf-artifacts","sourceProvenance":{"resolvedStorageSource":{"bucket":"gcf-v2-sources-627882002142-us-central1","object":"testEmailConnection/function-source.zip","generation":"1770813263133687"}},"dockerRegistry":"ARTIFACT_REGISTRY","serviceAccount":"projects/lyfeumbria/serviceAccounts/627882002142-compute@developer.gserviceaccount.com","automaticUpdatePolicy":{}},"serviceConfig":{"service":"projects/lyfeumbria/locations/us-central1/services/testemailconnection","timeoutSeconds":60,"environmentVariables":{"FIREBASE_CONFIG":"{\"projectId\":\"lyfeumbria\",\"storageBucket\":\"lyfeumbria.firebasestorage.app\"}","GCLOUD_PROJECT":"lyfeumbria","EVENTARC_CLOUD_EVENT_SOURCE":"projects/lyfeumbria/locations/us-central1/services/testEmailConnection","FUNCTION_TARGET":"testEmailConnection","LOG_EXECUTION_ID":"true","FUNCTION_SIGNATURE_TYPE":"http"},"ingressSettings":"ALLOW_ALL","uri":"https://testemailconnection-sat6yplhja-uc.a.run.app","serviceAccountEmail":"627882002142-compute@developer.gserviceaccount.com","availableMemory":"256Mi","allTrafficOnLatestRevision":true,"revision":"testemailconnection-00001-xot","maxInstanceRequestConcurrency":80,"availableCpu":"1"},"state":"ACTIVE","updateTime":"2026-02-11T12:34:31.333278203Z","labels":{"deployment-tool":"cli-firebase","deployment-callable":"true","firebase-functions-hash":"8402b9ce5b6a951104155a720b4dfd3072a376fe"},"environment":"GEN_2","url":"https://us-central1-lyfeumbria.cloudfunctions.net/testEmailConnection","createTime":"2026-02-11T12:34:23.367060105Z","satisfiesPzi":true},{"name":"projects/lyfeumbria/locations/us-central1/functions/getEmailConfig","buildConfig":{"build":"projects/627882002142/locations/us-central1/builds/f0d0bb5b-cae1-4fb8-bbd2-eaf5fd881205","runtime":"nodejs24","entryPoint":"getEmailConfig","source":{"storageSource":{"bucket":"gcf-v2-sources-627882002142-us-central1","object":"getEmailConfig/function-source.zip","generation":"1770813263192422"}},"environmentVariables":{"GOOGLE_NODE_RUN_SCRIPTS":""},"dockerRepository":"projects/lyfeumbria/locations/us-central1/repositories/gcf-artifacts","sourceProvenance":{"resolvedStorageSource":{"bucket":"gcf-v2-sources-627882002142-us-central1","object":"getEmailConfig/function-source.zip","generation":"1770813263192422"}},"dockerRegistry":"ARTIFACT_REGISTRY","serviceAccount":"projects/lyfeumbria/serviceAccounts/627882002142-compute@developer.gserviceaccount.com","automaticUpdatePolicy":{}},"serviceConfig":{"service":"projects/lyfeumbria/locations/us-central1/services/getemailconfig","timeoutSeconds":60,"environmentVariables":{"FIREBASE_CONFIG":"{\"projectId\":\"lyfeumbria\",\"storageBucket\":\"lyfeumbria.firebasestorage.app\"}","GCLOUD_PROJECT":"lyfeumbria","EVENTARC_CLOUD_EVENT_SOURCE":"projects/lyfeumbria/locations/us-central1/services/getEmailConfig","FUNCTION_TARGET":"getEmailConfig","LOG_EXECUTION_ID":"true","FUNCTION_SIGNATURE_TYPE":"http"},"ingressSettings":"ALLOW_ALL","uri":"https://getemailconfig-sat6yplhja-uc.a.run.app","serviceAccountEmail":"627882002142-compute@developer.gserviceaccount.com","availableMemory":"256Mi","allTrafficOnLatestRevision":true,"revision":"getemailconfig-00001-yof","maxInstanceRequestConcurrency":80,"availableCpu":"1"},"state":"ACTIVE","updateTime":"2026-02-11T12:34:31.701990215Z","labels":{"deployment-tool":"cli-firebase","deployment-callable":"true","firebase-functions-hash":"8402b9ce5b6a951104155a720b4dfd3072a376fe"},"environment":"GEN_2","url":"https://us-central1-lyfeumbria.cloudfunctions.net/getEmailConfig","createTime":"2026-02-11T12:34:23.380837327Z","satisfiesPzi":true}]}
[info] i  functions: ensuring required API cloudscheduler.googleapis.com is enabled... 
[info] i  functions: ensuring required API run.googleapis.com is enabled... 
[info] i  functions: ensuring required API eventarc.googleapis.com is enabled... 
[info] i  functions: ensuring required API pubsub.googleapis.com is enabled... 
[info] i  functions: ensuring required API storage.googleapis.com is enabled... 
[info] i  functions: generating the service identity for pubsub.googleapis.com... 
[debug] [2026-02-11T14:10:08.013Z] Checked if tokens are valid: true, expires at: 1770822595298
[debug] [2026-02-11T14:10:08.013Z] Checked if tokens are valid: true, expires at: 1770822595298
[info] i  functions: generating the service identity for eventarc.googleapis.com... 
[debug] [2026-02-11T14:10:08.013Z] Checked if tokens are valid: true, expires at: 1770822595298
[debug] [2026-02-11T14:10:08.014Z] Checked if tokens are valid: true, expires at: 1770822595298
[debug] [2026-02-11T14:10:08.014Z] >>> [apiv2][query] POST https://serviceusage.googleapis.com/v1beta1/projects/627882002142/services/pubsub.googleapis.com:generateServiceIdentity [none]
[debug] [2026-02-11T14:10:08.014Z] >>> [apiv2][(partial)header] POST https://serviceusage.googleapis.com/v1beta1/projects/627882002142/services/pubsub.googleapis.com:generateServiceIdentity  x-goog-user-project=627882002142
[debug] [2026-02-11T14:10:08.014Z] >>> [apiv2][body] POST https://serviceusage.googleapis.com/v1beta1/projects/627882002142/services/pubsub.googleapis.com:generateServiceIdentity {}
[debug] [2026-02-11T14:10:08.015Z] >>> [apiv2][query] POST https://serviceusage.googleapis.com/v1beta1/projects/627882002142/services/eventarc.googleapis.com:generateServiceIdentity [none]
[debug] [2026-02-11T14:10:08.015Z] >>> [apiv2][(partial)header] POST https://serviceusage.googleapis.com/v1beta1/projects/627882002142/services/eventarc.googleapis.com:generateServiceIdentity  x-goog-user-project=627882002142
[debug] [2026-02-11T14:10:08.015Z] >>> [apiv2][body] POST https://serviceusage.googleapis.com/v1beta1/projects/627882002142/services/eventarc.googleapis.com:generateServiceIdentity {}
[debug] [2026-02-11T14:10:08.999Z] <<< [apiv2][status] POST https://serviceusage.googleapis.com/v1beta1/projects/627882002142/services/pubsub.googleapis.com:generateServiceIdentity 200
[debug] [2026-02-11T14:10:08.999Z] <<< [apiv2][body] POST https://serviceusage.googleapis.com/v1beta1/projects/627882002142/services/pubsub.googleapis.com:generateServiceIdentity {"name":"operations/finished.DONE_OPERATION","done":true,"response":{"@type":"type.googleapis.com/google.api.serviceusage.v1beta1.ServiceIdentity","email":"service-627882002142@gcp-sa-pubsub.iam.gserviceaccount.com","uniqueId":"105754386567359214398"}}
[debug] [2026-02-11T14:10:09.036Z] <<< [apiv2][status] POST https://serviceusage.googleapis.com/v1beta1/projects/627882002142/services/eventarc.googleapis.com:generateServiceIdentity 200
[debug] [2026-02-11T14:10:09.036Z] <<< [apiv2][body] POST https://serviceusage.googleapis.com/v1beta1/projects/627882002142/services/eventarc.googleapis.com:generateServiceIdentity {"name":"operations/finished.DONE_OPERATION","done":true,"response":{"@type":"type.googleapis.com/google.api.serviceusage.v1beta1.ServiceIdentity","email":"service-627882002142@gcp-sa-eventarc.iam.gserviceaccount.com","uniqueId":"108471644823013412037"}}
[debug] [2026-02-11T14:10:09.040Z] Checked if tokens are valid: true, expires at: 1770822595298
[debug] [2026-02-11T14:10:09.040Z] Checked if tokens are valid: true, expires at: 1770822595298
[debug] [2026-02-11T14:10:09.040Z] >>> [apiv2][query] GET https://cloudresourcemanager.googleapis.com/v1/projects/lyfeumbria [none]
[debug] [2026-02-11T14:10:09.243Z] <<< [apiv2][status] GET https://cloudresourcemanager.googleapis.com/v1/projects/lyfeumbria 200
[debug] [2026-02-11T14:10:09.243Z] <<< [apiv2][body] GET https://cloudresourcemanager.googleapis.com/v1/projects/lyfeumbria {"projectNumber":"627882002142","projectId":"lyfeumbria","lifecycleState":"ACTIVE","name":"LyfeUmbria","labels":{"firebase":"enabled","firebase-core":"disabled"},"createTime":"2026-01-03T08:42:12.828784Z"}
[debug] [2026-02-11T14:10:09.244Z] Checked if tokens are valid: true, expires at: 1770822595298
[debug] [2026-02-11T14:10:09.244Z] Checked if tokens are valid: true, expires at: 1770822595298
[debug] [2026-02-11T14:10:09.244Z] >>> [apiv2][query] GET https://compute.googleapis.com/compute/v1/projects/627882002142 [none]
[debug] [2026-02-11T14:10:09.532Z] <<< [apiv2][status] GET https://compute.googleapis.com/compute/v1/projects/627882002142 403
[debug] [2026-02-11T14:10:09.532Z] <<< [apiv2][body] GET https://compute.googleapis.com/compute/v1/projects/627882002142 {"error":{"code":403,"message":"Compute Engine API has not been used in project 627882002142 before or it is disabled. Enable it by visiting https://console.developers.google.com/apis/api/compute.googleapis.com/overview?project=627882002142 then retry. If you enabled this API recently, wait a few minutes for the action to propagate to our systems and retry.","errors":[{"message":"Compute Engine API has not been used in project 627882002142 before or it is disabled. Enable it by visiting https://console.developers.google.com/apis/api/compute.googleapis.com/overview?project=627882002142 then retry. If you enabled this API recently, wait a few minutes for the action to propagate to our systems and retry.","domain":"usageLimits","reason":"accessNotConfigured","extendedHelp":"https://console.developers.google.com"}],"status":"PERMISSION_DENIED","details":[{"@type":"type.googleapis.com/google.rpc.ErrorInfo","reason":"SERVICE_DISABLED","domain":"googleapis.com","metadata":{"service":"compute.googleapis.com","activationUrl":"https://console.developers.google.com/apis/api/compute.googleapis.com/overview?project=627882002142","containerInfo":"627882002142","serviceTitle":"Compute Engine API","consumer":"projects/627882002142"}},{"@type":"type.googleapis.com/google.rpc.LocalizedMessage","locale":"en-US","message":"Compute Engine API has not been used in project 627882002142 before or it is disabled. Enable it by visiting https://console.developers.google.com/apis/api/compute.googleapis.com/overview?project=627882002142 then retry. If you enabled this API recently, wait a few minutes for the action to propagate to our systems and retry."},{"@type":"type.googleapis.com/google.rpc.Help","links":[{"description":"Google developers console API activation","url":"https://console.developers.google.com/apis/api/compute.googleapis.com/overview?project=627882002142"}]}]}}
[debug] [2026-02-11T14:10:09.533Z] unable to look up default compute service account. Falling back to 627882002142-compute@developer.gserviceaccount.com. Error: {"name":"FirebaseError","children":[],"context":{"body":{"error":{"code":403,"message":"Compute Engine API has not been used in project 627882002142 before or it is disabled. Enable it by visiting https://console.developers.google.com/apis/api/compute.googleapis.com/overview?project=627882002142 then retry. If you enabled this API recently, wait a few minutes for the action to propagate to our systems and retry.","errors":[{"message":"Compute Engine API has not been used in project 627882002142 before or it is disabled. Enable it by visiting https://console.developers.google.com/apis/api/compute.googleapis.com/overview?project=627882002142 then retry. If you enabled this API recently, wait a few minutes for the action to propagate to our systems and retry.","domain":"usageLimits","reason":"accessNotConfigured","extendedHelp":"https://console.developers.google.com"}],"status":"PERMISSION_DENIED","details":[{"@type":"type.googleapis.com/google.rpc.ErrorInfo","reason":"SERVICE_DISABLED","domain":"googleapis.com","metadata":{"service":"compute.googleapis.com","activationUrl":"https://console.developers.google.com/apis/api/compute.googleapis.com/overview?project=627882002142","containerInfo":"627882002142","serviceTitle":"Compute Engine API","consumer":"projects/627882002142"}},{"@type":"type.googleapis.com/google.rpc.LocalizedMessage","locale":"en-US","message":"Compute Engine API has not been used in project 627882002142 before or it is disabled. Enable it by visiting https://console.developers.google.com/apis/api/compute.googleapis.com/overview?project=627882002142 then retry. If you enabled this API recently, wait a few minutes for the action to propagate to our systems and retry."},{"@type":"type.googleapis.com/google.rpc.Help","links":[{"description":"Google developers console API activation","url":"https://console.developers.google.com/apis/api/compute.googleapis.com/overview?project=627882002142"}]}]}},"response":{"statusCode":403}},"exit":1,"message":"Request to https://compute.googleapis.com/compute/v1/projects/627882002142 had HTTP Error: 403, Compute Engine API has not been used in project 627882002142 before or it is disabled. Enable it by visiting https://console.developers.google.com/apis/api/compute.googleapis.com/overview?project=627882002142 then retry. If you enabled this API recently, wait a few minutes for the action to propagate to our systems and retry.","status":403}
[debug] [2026-02-11T14:10:09.533Z] Checked if tokens are valid: true, expires at: 1770822595298
[debug] [2026-02-11T14:10:09.533Z] Checked if tokens are valid: true, expires at: 1770822595298
[debug] [2026-02-11T14:10:09.533Z] >>> [apiv2][query] GET https://compute.googleapis.com/compute/v1/projects/627882002142 [none]
[debug] [2026-02-11T14:10:09.704Z] <<< [apiv2][status] GET https://compute.googleapis.com/compute/v1/projects/627882002142 403
[debug] [2026-02-11T14:10:09.704Z] <<< [apiv2][body] GET https://compute.googleapis.com/compute/v1/projects/627882002142 {"error":{"code":403,"message":"Compute Engine API has not been used in project 627882002142 before or it is disabled. Enable it by visiting https://console.developers.google.com/apis/api/compute.googleapis.com/overview?project=627882002142 then retry. If you enabled this API recently, wait a few minutes for the action to propagate to our systems and retry.","errors":[{"message":"Compute Engine API has not been used in project 627882002142 before or it is disabled. Enable it by visiting https://console.developers.google.com/apis/api/compute.googleapis.com/overview?project=627882002142 then retry. If you enabled this API recently, wait a few minutes for the action to propagate to our systems and retry.","domain":"usageLimits","reason":"accessNotConfigured","extendedHelp":"https://console.developers.google.com"}],"status":"PERMISSION_DENIED","details":[{"@type":"type.googleapis.com/google.rpc.ErrorInfo","reason":"SERVICE_DISABLED","domain":"googleapis.com","metadata":{"activationUrl":"https://console.developers.google.com/apis/api/compute.googleapis.com/overview?project=627882002142","containerInfo":"627882002142","service":"compute.googleapis.com","serviceTitle":"Compute Engine API","consumer":"projects/627882002142"}},{"@type":"type.googleapis.com/google.rpc.LocalizedMessage","locale":"en-US","message":"Compute Engine API has not been used in project 627882002142 before or it is disabled. Enable it by visiting https://console.developers.google.com/apis/api/compute.googleapis.com/overview?project=627882002142 then retry. If you enabled this API recently, wait a few minutes for the action to propagate to our systems and retry."},{"@type":"type.googleapis.com/google.rpc.Help","links":[{"description":"Google developers console API activation","url":"https://console.developers.google.com/apis/api/compute.googleapis.com/overview?project=627882002142"}]}]}}
[debug] [2026-02-11T14:10:09.705Z] unable to look up default compute service account. Falling back to 627882002142-compute@developer.gserviceaccount.com. Error: {"name":"FirebaseError","children":[],"context":{"body":{"error":{"code":403,"message":"Compute Engine API has not been used in project 627882002142 before or it is disabled. Enable it by visiting https://console.developers.google.com/apis/api/compute.googleapis.com/overview?project=627882002142 then retry. If you enabled this API recently, wait a few minutes for the action to propagate to our systems and retry.","errors":[{"message":"Compute Engine API has not been used in project 627882002142 before or it is disabled. Enable it by visiting https://console.developers.google.com/apis/api/compute.googleapis.com/overview?project=627882002142 then retry. If you enabled this API recently, wait a few minutes for the action to propagate to our systems and retry.","domain":"usageLimits","reason":"accessNotConfigured","extendedHelp":"https://console.developers.google.com"}],"status":"PERMISSION_DENIED","details":[{"@type":"type.googleapis.com/google.rpc.ErrorInfo","reason":"SERVICE_DISABLED","domain":"googleapis.com","metadata":{"activationUrl":"https://console.developers.google.com/apis/api/compute.googleapis.com/overview?project=627882002142","containerInfo":"627882002142","service":"compute.googleapis.com","serviceTitle":"Compute Engine API","consumer":"projects/627882002142"}},{"@type":"type.googleapis.com/google.rpc.LocalizedMessage","locale":"en-US","message":"Compute Engine API has not been used in project 627882002142 before or it is disabled. Enable it by visiting https://console.developers.google.com/apis/api/compute.googleapis.com/overview?project=627882002142 then retry. If you enabled this API recently, wait a few minutes for the action to propagate to our systems and retry."},{"@type":"type.googleapis.com/google.rpc.Help","links":[{"description":"Google developers console API activation","url":"https://console.developers.google.com/apis/api/compute.googleapis.com/overview?project=627882002142"}]}]}},"response":{"statusCode":403}},"exit":1,"message":"Request to https://compute.googleapis.com/compute/v1/projects/627882002142 had HTTP Error: 403, Compute Engine API has not been used in project 627882002142 before or it is disabled. Enable it by visiting https://console.developers.google.com/apis/api/compute.googleapis.com/overview?project=627882002142 then retry. If you enabled this API recently, wait a few minutes for the action to propagate to our systems and retry.","status":403}
[debug] [2026-02-11T14:10:09.706Z] Checked if tokens are valid: true, expires at: 1770822595298
[debug] [2026-02-11T14:10:09.706Z] Checked if tokens are valid: true, expires at: 1770822595298
[debug] [2026-02-11T14:10:09.706Z] >>> [apiv2][query] GET https://compute.googleapis.com/compute/v1/projects/627882002142 [none]
[debug] [2026-02-11T14:10:09.889Z] <<< [apiv2][status] GET https://compute.googleapis.com/compute/v1/projects/627882002142 403
[debug] [2026-02-11T14:10:09.889Z] <<< [apiv2][body] GET https://compute.googleapis.com/compute/v1/projects/627882002142 {"error":{"code":403,"message":"Compute Engine API has not been used in project 627882002142 before or it is disabled. Enable it by visiting https://console.developers.google.com/apis/api/compute.googleapis.com/overview?project=627882002142 then retry. If you enabled this API recently, wait a few minutes for the action to propagate to our systems and retry.","errors":[{"message":"Compute Engine API has not been used in project 627882002142 before or it is disabled. Enable it by visiting https://console.developers.google.com/apis/api/compute.googleapis.com/overview?project=627882002142 then retry. If you enabled this API recently, wait a few minutes for the action to propagate to our systems and retry.","domain":"usageLimits","reason":"accessNotConfigured","extendedHelp":"https://console.developers.google.com"}],"status":"PERMISSION_DENIED","details":[{"@type":"type.googleapis.com/google.rpc.ErrorInfo","reason":"SERVICE_DISABLED","domain":"googleapis.com","metadata":{"consumer":"projects/627882002142","containerInfo":"627882002142","serviceTitle":"Compute Engine API","activationUrl":"https://console.developers.google.com/apis/api/compute.googleapis.com/overview?project=627882002142","service":"compute.googleapis.com"}},{"@type":"type.googleapis.com/google.rpc.LocalizedMessage","locale":"en-US","message":"Compute Engine API has not been used in project 627882002142 before or it is disabled. Enable it by visiting https://console.developers.google.com/apis/api/compute.googleapis.com/overview?project=627882002142 then retry. If you enabled this API recently, wait a few minutes for the action to propagate to our systems and retry."},{"@type":"type.googleapis.com/google.rpc.Help","links":[{"description":"Google developers console API activation","url":"https://console.developers.google.com/apis/api/compute.googleapis.com/overview?project=627882002142"}]}]}}
[debug] [2026-02-11T14:10:09.889Z] unable to look up default compute service account. Falling back to 627882002142-compute@developer.gserviceaccount.com. Error: {"name":"FirebaseError","children":[],"context":{"body":{"error":{"code":403,"message":"Compute Engine API has not been used in project 627882002142 before or it is disabled. Enable it by visiting https://console.developers.google.com/apis/api/compute.googleapis.com/overview?project=627882002142 then retry. If you enabled this API recently, wait a few minutes for the action to propagate to our systems and retry.","errors":[{"message":"Compute Engine API has not been used in project 627882002142 before or it is disabled. Enable it by visiting https://console.developers.google.com/apis/api/compute.googleapis.com/overview?project=627882002142 then retry. If you enabled this API recently, wait a few minutes for the action to propagate to our systems and retry.","domain":"usageLimits","reason":"accessNotConfigured","extendedHelp":"https://console.developers.google.com"}],"status":"PERMISSION_DENIED","details":[{"@type":"type.googleapis.com/google.rpc.ErrorInfo","reason":"SERVICE_DISABLED","domain":"googleapis.com","metadata":{"consumer":"projects/627882002142","containerInfo":"627882002142","serviceTitle":"Compute Engine API","activationUrl":"https://console.developers.google.com/apis/api/compute.googleapis.com/overview?project=627882002142","service":"compute.googleapis.com"}},{"@type":"type.googleapis.com/google.rpc.LocalizedMessage","locale":"en-US","message":"Compute Engine API has not been used in project 627882002142 before or it is disabled. Enable it by visiting https://console.developers.google.com/apis/api/compute.googleapis.com/overview?project=627882002142 then retry. If you enabled this API recently, wait a few minutes for the action to propagate to our systems and retry."},{"@type":"type.googleapis.com/google.rpc.Help","links":[{"description":"Google developers console API activation","url":"https://console.developers.google.com/apis/api/compute.googleapis.com/overview?project=627882002142"}]}]}},"response":{"statusCode":403}},"exit":1,"message":"Request to https://compute.googleapis.com/compute/v1/projects/627882002142 had HTTP Error: 403, Compute Engine API has not been used in project 627882002142 before or it is disabled. Enable it by visiting https://console.developers.google.com/apis/api/compute.googleapis.com/overview?project=627882002142 then retry. If you enabled this API recently, wait a few minutes for the action to propagate to our systems and retry.","status":403}
[debug] [2026-02-11T14:10:09.889Z] Checked if tokens are valid: true, expires at: 1770822595298
[debug] [2026-02-11T14:10:09.889Z] Checked if tokens are valid: true, expires at: 1770822595298
[debug] [2026-02-11T14:10:09.889Z] >>> [apiv2][query] GET https://compute.googleapis.com/compute/v1/projects/627882002142 [none]
[debug] [2026-02-11T14:10:10.060Z] <<< [apiv2][status] GET https://compute.googleapis.com/compute/v1/projects/627882002142 403
[debug] [2026-02-11T14:10:10.060Z] <<< [apiv2][body] GET https://compute.googleapis.com/compute/v1/projects/627882002142 {"error":{"code":403,"message":"Compute Engine API has not been used in project 627882002142 before or it is disabled. Enable it by visiting https://console.developers.google.com/apis/api/compute.googleapis.com/overview?project=627882002142 then retry. If you enabled this API recently, wait a few minutes for the action to propagate to our systems and retry.","errors":[{"message":"Compute Engine API has not been used in project 627882002142 before or it is disabled. Enable it by visiting https://console.developers.google.com/apis/api/compute.googleapis.com/overview?project=627882002142 then retry. If you enabled this API recently, wait a few minutes for the action to propagate to our systems and retry.","domain":"usageLimits","reason":"accessNotConfigured","extendedHelp":"https://console.developers.google.com"}],"status":"PERMISSION_DENIED","details":[{"@type":"type.googleapis.com/google.rpc.ErrorInfo","reason":"SERVICE_DISABLED","domain":"googleapis.com","metadata":{"service":"compute.googleapis.com","activationUrl":"https://console.developers.google.com/apis/api/compute.googleapis.com/overview?project=627882002142","consumer":"projects/627882002142","serviceTitle":"Compute Engine API","containerInfo":"627882002142"}},{"@type":"type.googleapis.com/google.rpc.LocalizedMessage","locale":"en-US","message":"Compute Engine API has not been used in project 627882002142 before or it is disabled. Enable it by visiting https://console.developers.google.com/apis/api/compute.googleapis.com/overview?project=627882002142 then retry. If you enabled this API recently, wait a few minutes for the action to propagate to our systems and retry."},{"@type":"type.googleapis.com/google.rpc.Help","links":[{"description":"Google developers console API activation","url":"https://console.developers.google.com/apis/api/compute.googleapis.com/overview?project=627882002142"}]}]}}
[debug] [2026-02-11T14:10:10.060Z] unable to look up default compute service account. Falling back to 627882002142-compute@developer.gserviceaccount.com. Error: {"name":"FirebaseError","children":[],"context":{"body":{"error":{"code":403,"message":"Compute Engine API has not been used in project 627882002142 before or it is disabled. Enable it by visiting https://console.developers.google.com/apis/api/compute.googleapis.com/overview?project=627882002142 then retry. If you enabled this API recently, wait a few minutes for the action to propagate to our systems and retry.","errors":[{"message":"Compute Engine API has not been used in project 627882002142 before or it is disabled. Enable it by visiting https://console.developers.google.com/apis/api/compute.googleapis.com/overview?project=627882002142 then retry. If you enabled this API recently, wait a few minutes for the action to propagate to our systems and retry.","domain":"usageLimits","reason":"accessNotConfigured","extendedHelp":"https://console.developers.google.com"}],"status":"PERMISSION_DENIED","details":[{"@type":"type.googleapis.com/google.rpc.ErrorInfo","reason":"SERVICE_DISABLED","domain":"googleapis.com","metadata":{"service":"compute.googleapis.com","activationUrl":"https://console.developers.google.com/apis/api/compute.googleapis.com/overview?project=627882002142","consumer":"projects/627882002142","serviceTitle":"Compute Engine API","containerInfo":"627882002142"}},{"@type":"type.googleapis.com/google.rpc.LocalizedMessage","locale":"en-US","message":"Compute Engine API has not been used in project 627882002142 before or it is disabled. Enable it by visiting https://console.developers.google.com/apis/api/compute.googleapis.com/overview?project=627882002142 then retry. If you enabled this API recently, wait a few minutes for the action to propagate to our systems and retry."},{"@type":"type.googleapis.com/google.rpc.Help","links":[{"description":"Google developers console API activation","url":"https://console.developers.google.com/apis/api/compute.googleapis.com/overview?project=627882002142"}]}]}},"response":{"statusCode":403}},"exit":1,"message":"Request to https://compute.googleapis.com/compute/v1/projects/627882002142 had HTTP Error: 403, Compute Engine API has not been used in project 627882002142 before or it is disabled. Enable it by visiting https://console.developers.google.com/apis/api/compute.googleapis.com/overview?project=627882002142 then retry. If you enabled this API recently, wait a few minutes for the action to propagate to our systems and retry.","status":403}
[debug] [2026-02-11T14:10:10.061Z] Checked if tokens are valid: true, expires at: 1770822595298
[debug] [2026-02-11T14:10:10.061Z] Checked if tokens are valid: true, expires at: 1770822595298
[debug] [2026-02-11T14:10:10.061Z] >>> [apiv2][query] GET https://compute.googleapis.com/compute/v1/projects/627882002142 [none]
[debug] [2026-02-11T14:10:10.258Z] <<< [apiv2][status] GET https://compute.googleapis.com/compute/v1/projects/627882002142 403
[debug] [2026-02-11T14:10:10.258Z] <<< [apiv2][body] GET https://compute.googleapis.com/compute/v1/projects/627882002142 {"error":{"code":403,"message":"Compute Engine API has not been used in project 627882002142 before or it is disabled. Enable it by visiting https://console.developers.google.com/apis/api/compute.googleapis.com/overview?project=627882002142 then retry. If you enabled this API recently, wait a few minutes for the action to propagate to our systems and retry.","errors":[{"message":"Compute Engine API has not been used in project 627882002142 before or it is disabled. Enable it by visiting https://console.developers.google.com/apis/api/compute.googleapis.com/overview?project=627882002142 then retry. If you enabled this API recently, wait a few minutes for the action to propagate to our systems and retry.","domain":"usageLimits","reason":"accessNotConfigured","extendedHelp":"https://console.developers.google.com"}],"status":"PERMISSION_DENIED","details":[{"@type":"type.googleapis.com/google.rpc.ErrorInfo","reason":"SERVICE_DISABLED","domain":"googleapis.com","metadata":{"containerInfo":"627882002142","consumer":"projects/627882002142","activationUrl":"https://console.developers.google.com/apis/api/compute.googleapis.com/overview?project=627882002142","serviceTitle":"Compute Engine API","service":"compute.googleapis.com"}},{"@type":"type.googleapis.com/google.rpc.LocalizedMessage","locale":"en-US","message":"Compute Engine API has not been used in project 627882002142 before or it is disabled. Enable it by visiting https://console.developers.google.com/apis/api/compute.googleapis.com/overview?project=627882002142 then retry. If you enabled this API recently, wait a few minutes for the action to propagate to our systems and retry."},{"@type":"type.googleapis.com/google.rpc.Help","links":[{"description":"Google developers console API activation","url":"https://console.developers.google.com/apis/api/compute.googleapis.com/overview?project=627882002142"}]}]}}
[debug] [2026-02-11T14:10:10.258Z] unable to look up default compute service account. Falling back to 627882002142-compute@developer.gserviceaccount.com. Error: {"name":"FirebaseError","children":[],"context":{"body":{"error":{"code":403,"message":"Compute Engine API has not been used in project 627882002142 before or it is disabled. Enable it by visiting https://console.developers.google.com/apis/api/compute.googleapis.com/overview?project=627882002142 then retry. If you enabled this API recently, wait a few minutes for the action to propagate to our systems and retry.","errors":[{"message":"Compute Engine API has not been used in project 627882002142 before or it is disabled. Enable it by visiting https://console.developers.google.com/apis/api/compute.googleapis.com/overview?project=627882002142 then retry. If you enabled this API recently, wait a few minutes for the action to propagate to our systems and retry.","domain":"usageLimits","reason":"accessNotConfigured","extendedHelp":"https://console.developers.google.com"}],"status":"PERMISSION_DENIED","details":[{"@type":"type.googleapis.com/google.rpc.ErrorInfo","reason":"SERVICE_DISABLED","domain":"googleapis.com","metadata":{"containerInfo":"627882002142","consumer":"projects/627882002142","activationUrl":"https://console.developers.google.com/apis/api/compute.googleapis.com/overview?project=627882002142","serviceTitle":"Compute Engine API","service":"compute.googleapis.com"}},{"@type":"type.googleapis.com/google.rpc.LocalizedMessage","locale":"en-US","message":"Compute Engine API has not been used in project 627882002142 before or it is disabled. Enable it by visiting https://console.developers.google.com/apis/api/compute.googleapis.com/overview?project=627882002142 then retry. If you enabled this API recently, wait a few minutes for the action to propagate to our systems and retry."},{"@type":"type.googleapis.com/google.rpc.Help","links":[{"description":"Google developers console API activation","url":"https://console.developers.google.com/apis/api/compute.googleapis.com/overview?project=627882002142"}]}]}},"response":{"statusCode":403}},"exit":1,"message":"Request to https://compute.googleapis.com/compute/v1/projects/627882002142 had HTTP Error: 403, Compute Engine API has not been used in project 627882002142 before or it is disabled. Enable it by visiting https://console.developers.google.com/apis/api/compute.googleapis.com/overview?project=627882002142 then retry. If you enabled this API recently, wait a few minutes for the action to propagate to our systems and retry.","status":403}
[debug] [2026-02-11T14:10:10.260Z] Checked if tokens are valid: true, expires at: 1770822595298
[debug] [2026-02-11T14:10:10.260Z] Checked if tokens are valid: true, expires at: 1770822595298
[debug] [2026-02-11T14:10:10.260Z] >>> [apiv2][query] GET https://cloudbilling.googleapis.com/v1/projects/lyfeumbria/billingInfo [none]
[debug] [2026-02-11T14:10:10.576Z] <<< [apiv2][status] GET https://cloudbilling.googleapis.com/v1/projects/lyfeumbria/billingInfo 200
[debug] [2026-02-11T14:10:10.576Z] <<< [apiv2][body] GET https://cloudbilling.googleapis.com/v1/projects/lyfeumbria/billingInfo {"name":"projects/lyfeumbria/billingInfo","projectId":"lyfeumbria","billingAccountName":"billingAccounts/019694-E27EA4-51CAE9","billingEnabled":true}
[debug] [2026-02-11T14:10:10.579Z] Checked if tokens are valid: true, expires at: 1770822595298
[debug] [2026-02-11T14:10:10.579Z] Checked if tokens are valid: true, expires at: 1770822595298
[debug] [2026-02-11T14:10:10.579Z] >>> [apiv2][query] POST https://cloudfunctions.googleapis.com/v2/projects/lyfeumbria/locations/us-central1/functions:generateUploadUrl [none]
[debug] [2026-02-11T14:10:10.964Z] <<< [apiv2][status] POST https://cloudfunctions.googleapis.com/v2/projects/lyfeumbria/locations/us-central1/functions:generateUploadUrl 200
[debug] [2026-02-11T14:10:10.964Z] <<< [apiv2][body] POST https://cloudfunctions.googleapis.com/v2/projects/lyfeumbria/locations/us-central1/functions:generateUploadUrl {"uploadUrl":"https://storage.googleapis.com/gcf-v2-uploads-627882002142.us-central1.cloudfunctions.appspot.com/119f745b-bafa-4fec-a025-c0024d8f5a8d.zip?GoogleAccessId=service-627882002142@gcf-admin-robot.iam.gserviceaccount.com&Expires=1770820810&Signature=AfXyR0dq2ZjT%2F%2Bes3KOfNp5KOKvhrBQ%2BOjySBCfLSFH%2BwBSX4W11lRrsgWtI6xLYMAp54dMmIptSlmixWeWjxrwJ1690cC4wc7e9IHWFdVGVQ56c3GhfWHg3S%2BNH%2FzjxqO4a%2FTW9FugSlYAwVXqDoxhr%2Fzk%2FkjJ7VJ7YR1DBkfMOl41bD8QrRN6JdqSSqZCuXitU4dYlpQbHwxaJc3azAJepCoFTbhunR1h%2FM04FQ68FU6%2F45RqtQ%2Fjuxw8qAUqYvo0qNXCwMjFE1p60B53zodNYnbeCsD%2BKZT9uKvlC5Tpm%2BLUOO%2FVAEbC0eVgtifsEN4xtiZr7aqwKcr9BIL44Fw%3D%3D","storageSource":{"bucket":"gcf-v2-uploads-627882002142.us-central1.cloudfunctions.appspot.com","object":"119f745b-bafa-4fec-a025-c0024d8f5a8d.zip"}}
[debug] [2026-02-11T14:10:10.965Z] >>> [apiv2][query] PUT https://storage.googleapis.com/gcf-v2-uploads-627882002142.us-central1.cloudfunctions.appspot.com/119f745b-bafa-4fec-a025-c0024d8f5a8d.zip GoogleAccessId=service-627882002142%40gcf-admin-robot.iam.gserviceaccount.com&Expires=1770820810&Signature=AfXyR0dq2ZjT%2F%2Bes3KOfNp5KOKvhrBQ%2BOjySBCfLSFH%2BwBSX4W11lRrsgWtI6xLYMAp54dMmIptSlmixWeWjxrwJ1690cC4wc7e9IHWFdVGVQ56c3GhfWHg3S%2BNH%2FzjxqO4a%2FTW9FugSlYAwVXqDoxhr%2Fzk%2FkjJ7VJ7YR1DBkfMOl41bD8QrRN6JdqSSqZCuXitU4dYlpQbHwxaJc3azAJepCoFTbhunR1h%2FM04FQ68FU6%2F45RqtQ%2Fjuxw8qAUqYvo0qNXCwMjFE1p60B53zodNYnbeCsD%2BKZT9uKvlC5Tpm%2BLUOO%2FVAEbC0eVgtifsEN4xtiZr7aqwKcr9BIL44Fw%3D%3D
[debug] [2026-02-11T14:10:10.965Z] >>> [apiv2][body] PUT https://storage.googleapis.com/gcf-v2-uploads-627882002142.us-central1.cloudfunctions.appspot.com/119f745b-bafa-4fec-a025-c0024d8f5a8d.zip [stream]
[debug] [2026-02-11T14:10:11.537Z] <<< [apiv2][status] PUT https://storage.googleapis.com/gcf-v2-uploads-627882002142.us-central1.cloudfunctions.appspot.com/119f745b-bafa-4fec-a025-c0024d8f5a8d.zip 200
[debug] [2026-02-11T14:10:11.537Z] <<< [apiv2][body] PUT https://storage.googleapis.com/gcf-v2-uploads-627882002142.us-central1.cloudfunctions.appspot.com/119f745b-bafa-4fec-a025-c0024d8f5a8d.zip [omitted]
[info] +  functions: functions source uploaded successfully 
[info] i  functions: updating Node.js 24 (2nd Gen) function sendEmail(us-central1)... 
[info] i  functions: updating Node.js 24 (2nd Gen) function testEmailConnection(us-central1)... 
[info] i  functions: updating Node.js 24 (2nd Gen) function saveEmailConfig(us-central1)... 
[info] i  functions: updating Node.js 24 (2nd Gen) function getEmailConfig(us-central1)... 
[info] i  functions: updating Node.js 24 (2nd Gen) function checkScadenzeAndNotify(us-central1)... 
[debug] [2026-02-11T14:10:11.542Z] Checked if tokens are valid: true, expires at: 1770822595298
[debug] [2026-02-11T14:10:11.542Z] Checked if tokens are valid: true, expires at: 1770822595298
[debug] [2026-02-11T14:10:11.542Z] >>> [apiv2][query] PATCH https://cloudfunctions.googleapis.com/v2/projects/lyfeumbria/locations/us-central1/functions/sendEmail updateMask=name%2CbuildConfig.runtime%2CbuildConfig.entryPoint%2CbuildConfig.source.storageSource.bucket%2CbuildConfig.source.storageSource.object%2CbuildConfig.environmentVariables%2CbuildConfig.sourceToken%2CserviceConfig.environmentVariables%2CserviceConfig.ingressSettings%2CserviceConfig.timeoutSeconds%2CserviceConfig.serviceAccountEmail%2CserviceConfig.availableMemory%2CserviceConfig.minInstanceCount%2CserviceConfig.maxInstanceCount%2CserviceConfig.maxInstanceRequestConcurrency%2CserviceConfig.availableCpu%2CserviceConfig.vpcConnector%2CserviceConfig.vpcConnectorEgressSettings%2Clabels
[debug] [2026-02-11T14:10:11.542Z] >>> [apiv2][body] PATCH https://cloudfunctions.googleapis.com/v2/projects/lyfeumbria/locations/us-central1/functions/sendEmail {"name":"projects/lyfeumbria/locations/us-central1/functions/sendEmail","buildConfig":{"runtime":"nodejs24","entryPoint":"sendEmail","source":{"storageSource":{"bucket":"gcf-v2-uploads-627882002142.us-central1.cloudfunctions.appspot.com","object":"119f745b-bafa-4fec-a025-c0024d8f5a8d.zip"}},"environmentVariables":{"GOOGLE_NODE_RUN_SCRIPTS":""}},"serviceConfig":{"environmentVariables":{"FIREBASE_CONFIG":"{\"projectId\":\"lyfeumbria\",\"storageBucket\":\"lyfeumbria.firebasestorage.app\"}","GCLOUD_PROJECT":"lyfeumbria","EVENTARC_CLOUD_EVENT_SOURCE":"projects/lyfeumbria/locations/us-central1/services/sendEmail","FUNCTION_TARGET":"sendEmail","LOG_EXECUTION_ID":"true"},"ingressSettings":null,"timeoutSeconds":null,"serviceAccountEmail":null,"availableMemory":"256Mi","minInstanceCount":null,"maxInstanceCount":null,"maxInstanceRequestConcurrency":80,"availableCpu":"1","vpcConnector":null,"vpcConnectorEgressSettings":null},"labels":{"deployment-tool":"cli-firebase","deployment-callable":"true","firebase-functions-hash":"50dacd21b5969d19a69079e48f24f2e1946023e6"}}
[debug] [2026-02-11T14:10:13.040Z] <<< [apiv2][status] PATCH https://cloudfunctions.googleapis.com/v2/projects/lyfeumbria/locations/us-central1/functions/sendEmail 200
[debug] [2026-02-11T14:10:13.040Z] <<< [apiv2][body] PATCH https://cloudfunctions.googleapis.com/v2/projects/lyfeumbria/locations/us-central1/functions/sendEmail {"name":"projects/lyfeumbria/locations/us-central1/operations/operation-1770819012191-64a8cee2ee5d4-dec24efd-99b6d63a","metadata":{"@type":"type.googleapis.com/google.cloud.functions.v2.OperationMetadata","createTime":"2026-02-11T14:10:12.949838576Z","target":"projects/lyfeumbria/locations/us-central1/functions/sendEmail","verb":"update","cancelRequested":false,"apiVersion":"v2"},"done":false}
[debug] [2026-02-11T14:10:13.041Z] Checked if tokens are valid: true, expires at: 1770822595298
[debug] [2026-02-11T14:10:13.041Z] Checked if tokens are valid: true, expires at: 1770822595298
[debug] [2026-02-11T14:10:13.041Z] >>> [apiv2][query] GET https://cloudfunctions.googleapis.com/v2/projects/lyfeumbria/locations/us-central1/operations/operation-1770819012191-64a8cee2ee5d4-dec24efd-99b6d63a [none]
[debug] [2026-02-11T14:10:13.784Z] <<< [apiv2][status] GET https://cloudfunctions.googleapis.com/v2/projects/lyfeumbria/locations/us-central1/operations/operation-1770819012191-64a8cee2ee5d4-dec24efd-99b6d63a 200
[debug] [2026-02-11T14:10:13.784Z] <<< [apiv2][body] GET https://cloudfunctions.googleapis.com/v2/projects/lyfeumbria/locations/us-central1/operations/operation-1770819012191-64a8cee2ee5d4-dec24efd-99b6d63a {"name":"projects/lyfeumbria/locations/us-central1/operations/operation-1770819012191-64a8cee2ee5d4-dec24efd-99b6d63a","metadata":{"@type":"type.googleapis.com/google.cloud.functions.v2.OperationMetadata","createTime":"2026-02-11T14:10:12.949838576Z","target":"projects/lyfeumbria/locations/us-central1/functions/sendEmail","verb":"update","cancelRequested":false,"apiVersion":"v2","requestResource":{"@type":"type.googleapis.com/google.cloud.functions.v2.Function","name":"projects/lyfeumbria/locations/us-central1/functions/sendEmail","buildConfig":{"runtime":"nodejs24","entryPoint":"sendEmail","source":{"storageSource":{"bucket":"gcf-v2-sources-627882002142-us-central1","object":"sendEmail/function-source.zip","generation":"1770819012900476"}},"environmentVariables":{"GOOGLE_NODE_RUN_SCRIPTS":""},"dockerRepository":"projects/lyfeumbria/locations/us-central1/repositories/gcf-artifacts","sourceProvenance":{"resolvedStorageSource":{"bucket":"gcf-v2-sources-627882002142-us-central1","object":"sendEmail/function-source.zip","generation":"1770813176481168"}},"dockerRegistry":"ARTIFACT_REGISTRY","serviceAccount":"projects/lyfeumbria/serviceAccounts/627882002142-compute@developer.gserviceaccount.com","automaticUpdatePolicy":{}},"serviceConfig":{"service":"projects/lyfeumbria/locations/us-central1/services/sendemail","timeoutSeconds":60,"environmentVariables":{"FIREBASE_CONFIG":"{\"projectId\":\"lyfeumbria\",\"storageBucket\":\"lyfeumbria.firebasestorage.app\"}","GCLOUD_PROJECT":"lyfeumbria","EVENTARC_CLOUD_EVENT_SOURCE":"projects/lyfeumbria/locations/us-central1/services/sendEmail","FUNCTION_TARGET":"sendEmail","LOG_EXECUTION_ID":"true"},"ingressSettings":"ALLOW_ALL","uri":"https://sendemail-sat6yplhja-uc.a.run.app","serviceAccountEmail":"627882002142-compute@developer.gserviceaccount.com","availableMemory":"256Mi","allTrafficOnLatestRevision":true,"revision":"sendemail-00001-yis","maxInstanceRequestConcurrency":80,"availableCpu":"1"},"state":"ACTIVE","labels":{"deployment-tool":"cli-firebase","deployment-callable":"true","firebase-functions-hash":"50dacd21b5969d19a69079e48f24f2e1946023e6"},"environment":"GEN_2","url":"https://us-central1-lyfeumbria.cloudfunctions.net/sendEmail","satisfiesPzi":true},"stages":[{"name":"BUILD","message":"Creating build","state":"IN_PROGRESS","resource":"projects/627882002142/locations/us-central1/builds/3025b45d-2a6c-4a51-ab5c-e0de08ae4de3","resourceUri":"https://console.cloud.google.com/cloud-build/builds;region=us-central1/3025b45d-2a6c-4a51-ab5c-e0de08ae4de3?project=627882002142"},{"name":"SERVICE","state":"NOT_STARTED"}],"operationType":"UPDATE_FUNCTION","buildName":"projects/627882002142/locations/us-central1/builds/3025b45d-2a6c-4a51-ab5c-e0de08ae4de3"},"done":false}
[debug] [2026-02-11T14:10:14.289Z] [update-default-us-central1-sendEmail] Retrying task index 0
[debug] [2026-02-11T14:10:14.289Z] Checked if tokens are valid: true, expires at: 1770822595298
[debug] [2026-02-11T14:10:14.289Z] Checked if tokens are valid: true, expires at: 1770822595298
[debug] [2026-02-11T14:10:14.289Z] >>> [apiv2][query] GET https://cloudfunctions.googleapis.com/v2/projects/lyfeumbria/locations/us-central1/operations/operation-1770819012191-64a8cee2ee5d4-dec24efd-99b6d63a [none]
[debug] [2026-02-11T14:10:15.004Z] <<< [apiv2][status] GET https://cloudfunctions.googleapis.com/v2/projects/lyfeumbria/locations/us-central1/operations/operation-1770819012191-64a8cee2ee5d4-dec24efd-99b6d63a 200
[debug] [2026-02-11T14:10:15.004Z] <<< [apiv2][body] GET https://cloudfunctions.googleapis.com/v2/projects/lyfeumbria/locations/us-central1/operations/operation-1770819012191-64a8cee2ee5d4-dec24efd-99b6d63a {"name":"projects/lyfeumbria/locations/us-central1/operations/operation-1770819012191-64a8cee2ee5d4-dec24efd-99b6d63a","metadata":{"@type":"type.googleapis.com/google.cloud.functions.v2.OperationMetadata","createTime":"2026-02-11T14:10:12.949838576Z","target":"projects/lyfeumbria/locations/us-central1/functions/sendEmail","verb":"update","cancelRequested":false,"apiVersion":"v2","requestResource":{"@type":"type.googleapis.com/google.cloud.functions.v2.Function","name":"projects/lyfeumbria/locations/us-central1/functions/sendEmail","buildConfig":{"runtime":"nodejs24","entryPoint":"sendEmail","source":{"storageSource":{"bucket":"gcf-v2-sources-627882002142-us-central1","object":"sendEmail/function-source.zip","generation":"1770819012900476"}},"environmentVariables":{"GOOGLE_NODE_RUN_SCRIPTS":""},"dockerRepository":"projects/lyfeumbria/locations/us-central1/repositories/gcf-artifacts","sourceProvenance":{"resolvedStorageSource":{"bucket":"gcf-v2-sources-627882002142-us-central1","object":"sendEmail/function-source.zip","generation":"1770813176481168"}},"dockerRegistry":"ARTIFACT_REGISTRY","serviceAccount":"projects/lyfeumbria/serviceAccounts/627882002142-compute@developer.gserviceaccount.com","automaticUpdatePolicy":{}},"serviceConfig":{"service":"projects/lyfeumbria/locations/us-central1/services/sendemail","timeoutSeconds":60,"environmentVariables":{"FIREBASE_CONFIG":"{\"projectId\":\"lyfeumbria\",\"storageBucket\":\"lyfeumbria.firebasestorage.app\"}","GCLOUD_PROJECT":"lyfeumbria","EVENTARC_CLOUD_EVENT_SOURCE":"projects/lyfeumbria/locations/us-central1/services/sendEmail","FUNCTION_TARGET":"sendEmail","LOG_EXECUTION_ID":"true"},"ingressSettings":"ALLOW_ALL","uri":"https://sendemail-sat6yplhja-uc.a.run.app","serviceAccountEmail":"627882002142-compute@developer.gserviceaccount.com","availableMemory":"256Mi","allTrafficOnLatestRevision":true,"revision":"sendemail-00001-yis","maxInstanceRequestConcurrency":80,"availableCpu":"1"},"state":"ACTIVE","labels":{"deployment-tool":"cli-firebase","deployment-callable":"true","firebase-functions-hash":"50dacd21b5969d19a69079e48f24f2e1946023e6"},"environment":"GEN_2","url":"https://us-central1-lyfeumbria.cloudfunctions.net/sendEmail","satisfiesPzi":true},"stages":[{"name":"BUILD","message":"Build in progress","state":"IN_PROGRESS","resource":"projects/627882002142/locations/us-central1/builds/3025b45d-2a6c-4a51-ab5c-e0de08ae4de3","resourceUri":"https://console.cloud.google.com/cloud-build/builds;region=us-central1/3025b45d-2a6c-4a51-ab5c-e0de08ae4de3?project=627882002142"},{"name":"SERVICE","state":"NOT_STARTED"}],"operationType":"UPDATE_FUNCTION","buildName":"projects/627882002142/locations/us-central1/builds/3025b45d-2a6c-4a51-ab5c-e0de08ae4de3"},"done":false}
[debug] [2026-02-11T14:10:16.008Z] [update-default-us-central1-sendEmail] Retrying task index 0
[debug] [2026-02-11T14:10:16.009Z] Checked if tokens are valid: true, expires at: 1770822595298
[debug] [2026-02-11T14:10:16.009Z] Checked if tokens are valid: true, expires at: 1770822595298
[debug] [2026-02-11T14:10:16.009Z] >>> [apiv2][query] GET https://cloudfunctions.googleapis.com/v2/projects/lyfeumbria/locations/us-central1/operations/operation-1770819012191-64a8cee2ee5d4-dec24efd-99b6d63a [none]
[debug] [2026-02-11T14:10:16.305Z] <<< [apiv2][status] GET https://cloudfunctions.googleapis.com/v2/projects/lyfeumbria/locations/us-central1/operations/operation-1770819012191-64a8cee2ee5d4-dec24efd-99b6d63a 200
[debug] [2026-02-11T14:10:16.306Z] <<< [apiv2][body] GET https://cloudfunctions.googleapis.com/v2/projects/lyfeumbria/locations/us-central1/operations/operation-1770819012191-64a8cee2ee5d4-dec24efd-99b6d63a {"name":"projects/lyfeumbria/locations/us-central1/operations/operation-1770819012191-64a8cee2ee5d4-dec24efd-99b6d63a","metadata":{"@type":"type.googleapis.com/google.cloud.functions.v2.OperationMetadata","createTime":"2026-02-11T14:10:12.949838576Z","target":"projects/lyfeumbria/locations/us-central1/functions/sendEmail","verb":"update","cancelRequested":false,"apiVersion":"v2","requestResource":{"@type":"type.googleapis.com/google.cloud.functions.v2.Function","name":"projects/lyfeumbria/locations/us-central1/functions/sendEmail","buildConfig":{"runtime":"nodejs24","entryPoint":"sendEmail","source":{"storageSource":{"bucket":"gcf-v2-sources-627882002142-us-central1","object":"sendEmail/function-source.zip","generation":"1770819012900476"}},"environmentVariables":{"GOOGLE_NODE_RUN_SCRIPTS":""},"dockerRepository":"projects/lyfeumbria/locations/us-central1/repositories/gcf-artifacts","sourceProvenance":{"resolvedStorageSource":{"bucket":"gcf-v2-sources-627882002142-us-central1","object":"sendEmail/function-source.zip","generation":"1770813176481168"}},"dockerRegistry":"ARTIFACT_REGISTRY","serviceAccount":"projects/lyfeumbria/serviceAccounts/627882002142-compute@developer.gserviceaccount.com","automaticUpdatePolicy":{}},"serviceConfig":{"service":"projects/lyfeumbria/locations/us-central1/services/sendemail","timeoutSeconds":60,"environmentVariables":{"FIREBASE_CONFIG":"{\"projectId\":\"lyfeumbria\",\"storageBucket\":\"lyfeumbria.firebasestorage.app\"}","GCLOUD_PROJECT":"lyfeumbria","EVENTARC_CLOUD_EVENT_SOURCE":"projects/lyfeumbria/locations/us-central1/services/sendEmail","FUNCTION_TARGET":"sendEmail","LOG_EXECUTION_ID":"true"},"ingressSettings":"ALLOW_ALL","uri":"https://sendemail-sat6yplhja-uc.a.run.app","serviceAccountEmail":"627882002142-compute@developer.gserviceaccount.com","availableMemory":"256Mi","allTrafficOnLatestRevision":true,"revision":"sendemail-00001-yis","maxInstanceRequestConcurrency":80,"availableCpu":"1"},"state":"ACTIVE","labels":{"deployment-tool":"cli-firebase","deployment-callable":"true","firebase-functions-hash":"50dacd21b5969d19a69079e48f24f2e1946023e6"},"environment":"GEN_2","url":"https://us-central1-lyfeumbria.cloudfunctions.net/sendEmail","satisfiesPzi":true},"stages":[{"name":"BUILD","message":"Build in progress","state":"IN_PROGRESS","resource":"projects/627882002142/locations/us-central1/builds/3025b45d-2a6c-4a51-ab5c-e0de08ae4de3","resourceUri":"https://console.cloud.google.com/cloud-build/builds;region=us-central1/3025b45d-2a6c-4a51-ab5c-e0de08ae4de3?project=627882002142"},{"name":"SERVICE","state":"NOT_STARTED"}],"operationType":"UPDATE_FUNCTION","buildName":"projects/627882002142/locations/us-central1/builds/3025b45d-2a6c-4a51-ab5c-e0de08ae4de3"},"done":false}
[debug] [2026-02-11T14:10:18.312Z] [update-default-us-central1-sendEmail] Retrying task index 0
[debug] [2026-02-11T14:10:18.312Z] Checked if tokens are valid: true, expires at: 1770822595298
[debug] [2026-02-11T14:10:18.312Z] Checked if tokens are valid: true, expires at: 1770822595298
[debug] [2026-02-11T14:10:18.312Z] >>> [apiv2][query] GET https://cloudfunctions.googleapis.com/v2/projects/lyfeumbria/locations/us-central1/operations/operation-1770819012191-64a8cee2ee5d4-dec24efd-99b6d63a [none]
[debug] [2026-02-11T14:10:18.478Z] <<< [apiv2][status] GET https://cloudfunctions.googleapis.com/v2/projects/lyfeumbria/locations/us-central1/operations/operation-1770819012191-64a8cee2ee5d4-dec24efd-99b6d63a 200
[debug] [2026-02-11T14:10:18.478Z] <<< [apiv2][body] GET https://cloudfunctions.googleapis.com/v2/projects/lyfeumbria/locations/us-central1/operations/operation-1770819012191-64a8cee2ee5d4-dec24efd-99b6d63a {"name":"projects/lyfeumbria/locations/us-central1/operations/operation-1770819012191-64a8cee2ee5d4-dec24efd-99b6d63a","metadata":{"@type":"type.googleapis.com/google.cloud.functions.v2.OperationMetadata","createTime":"2026-02-11T14:10:12.949838576Z","target":"projects/lyfeumbria/locations/us-central1/functions/sendEmail","verb":"update","cancelRequested":false,"apiVersion":"v2","requestResource":{"@type":"type.googleapis.com/google.cloud.functions.v2.Function","name":"projects/lyfeumbria/locations/us-central1/functions/sendEmail","buildConfig":{"runtime":"nodejs24","entryPoint":"sendEmail","source":{"storageSource":{"bucket":"gcf-v2-sources-627882002142-us-central1","object":"sendEmail/function-source.zip","generation":"1770819012900476"}},"environmentVariables":{"GOOGLE_NODE_RUN_SCRIPTS":""},"dockerRepository":"projects/lyfeumbria/locations/us-central1/repositories/gcf-artifacts","sourceProvenance":{"resolvedStorageSource":{"bucket":"gcf-v2-sources-627882002142-us-central1","object":"sendEmail/function-source.zip","generation":"1770813176481168"}},"dockerRegistry":"ARTIFACT_REGISTRY","serviceAccount":"projects/lyfeumbria/serviceAccounts/627882002142-compute@developer.gserviceaccount.com","automaticUpdatePolicy":{}},"serviceConfig":{"service":"projects/lyfeumbria/locations/us-central1/services/sendemail","timeoutSeconds":60,"environmentVariables":{"FIREBASE_CONFIG":"{\"projectId\":\"lyfeumbria\",\"storageBucket\":\"lyfeumbria.firebasestorage.app\"}","GCLOUD_PROJECT":"lyfeumbria","EVENTARC_CLOUD_EVENT_SOURCE":"projects/lyfeumbria/locations/us-central1/services/sendEmail","FUNCTION_TARGET":"sendEmail","LOG_EXECUTION_ID":"true"},"ingressSettings":"ALLOW_ALL","uri":"https://sendemail-sat6yplhja-uc.a.run.app","serviceAccountEmail":"627882002142-compute@developer.gserviceaccount.com","availableMemory":"256Mi","allTrafficOnLatestRevision":true,"revision":"sendemail-00001-yis","maxInstanceRequestConcurrency":80,"availableCpu":"1"},"state":"ACTIVE","labels":{"deployment-tool":"cli-firebase","deployment-callable":"true","firebase-functions-hash":"50dacd21b5969d19a69079e48f24f2e1946023e6"},"environment":"GEN_2","url":"https://us-central1-lyfeumbria.cloudfunctions.net/sendEmail","satisfiesPzi":true},"stages":[{"name":"BUILD","message":"Build in progress","state":"IN_PROGRESS","resource":"projects/627882002142/locations/us-central1/builds/3025b45d-2a6c-4a51-ab5c-e0de08ae4de3","resourceUri":"https://console.cloud.google.com/cloud-build/builds;region=us-central1/3025b45d-2a6c-4a51-ab5c-e0de08ae4de3?project=627882002142"},{"name":"SERVICE","state":"NOT_STARTED"}],"operationType":"UPDATE_FUNCTION","buildName":"projects/627882002142/locations/us-central1/builds/3025b45d-2a6c-4a51-ab5c-e0de08ae4de3"},"done":false}
[debug] [2026-02-11T14:10:22.479Z] [update-default-us-central1-sendEmail] Retrying task index 0
[debug] [2026-02-11T14:10:22.479Z] Checked if tokens are valid: true, expires at: 1770822595298
[debug] [2026-02-11T14:10:22.479Z] Checked if tokens are valid: true, expires at: 1770822595298
[debug] [2026-02-11T14:10:22.479Z] >>> [apiv2][query] GET https://cloudfunctions.googleapis.com/v2/projects/lyfeumbria/locations/us-central1/operations/operation-1770819012191-64a8cee2ee5d4-dec24efd-99b6d63a [none]
[debug] [2026-02-11T14:10:23.194Z] <<< [apiv2][status] GET https://cloudfunctions.googleapis.com/v2/projects/lyfeumbria/locations/us-central1/operations/operation-1770819012191-64a8cee2ee5d4-dec24efd-99b6d63a 200
[debug] [2026-02-11T14:10:23.194Z] <<< [apiv2][body] GET https://cloudfunctions.googleapis.com/v2/projects/lyfeumbria/locations/us-central1/operations/operation-1770819012191-64a8cee2ee5d4-dec24efd-99b6d63a {"name":"projects/lyfeumbria/locations/us-central1/operations/operation-1770819012191-64a8cee2ee5d4-dec24efd-99b6d63a","metadata":{"@type":"type.googleapis.com/google.cloud.functions.v2.OperationMetadata","createTime":"2026-02-11T14:10:12.949838576Z","target":"projects/lyfeumbria/locations/us-central1/functions/sendEmail","verb":"update","cancelRequested":false,"apiVersion":"v2","requestResource":{"@type":"type.googleapis.com/google.cloud.functions.v2.Function","name":"projects/lyfeumbria/locations/us-central1/functions/sendEmail","buildConfig":{"runtime":"nodejs24","entryPoint":"sendEmail","source":{"storageSource":{"bucket":"gcf-v2-sources-627882002142-us-central1","object":"sendEmail/function-source.zip","generation":"1770819012900476"}},"environmentVariables":{"GOOGLE_NODE_RUN_SCRIPTS":""},"dockerRepository":"projects/lyfeumbria/locations/us-central1/repositories/gcf-artifacts","sourceProvenance":{"resolvedStorageSource":{"bucket":"gcf-v2-sources-627882002142-us-central1","object":"sendEmail/function-source.zip","generation":"1770813176481168"}},"dockerRegistry":"ARTIFACT_REGISTRY","serviceAccount":"projects/lyfeumbria/serviceAccounts/627882002142-compute@developer.gserviceaccount.com","automaticUpdatePolicy":{}},"serviceConfig":{"service":"projects/lyfeumbria/locations/us-central1/services/sendemail","timeoutSeconds":60,"environmentVariables":{"FIREBASE_CONFIG":"{\"projectId\":\"lyfeumbria\",\"storageBucket\":\"lyfeumbria.firebasestorage.app\"}","GCLOUD_PROJECT":"lyfeumbria","EVENTARC_CLOUD_EVENT_SOURCE":"projects/lyfeumbria/locations/us-central1/services/sendEmail","FUNCTION_TARGET":"sendEmail","LOG_EXECUTION_ID":"true"},"ingressSettings":"ALLOW_ALL","uri":"https://sendemail-sat6yplhja-uc.a.run.app","serviceAccountEmail":"627882002142-compute@developer.gserviceaccount.com","availableMemory":"256Mi","allTrafficOnLatestRevision":true,"revision":"sendemail-00001-yis","maxInstanceRequestConcurrency":80,"availableCpu":"1"},"state":"ACTIVE","labels":{"deployment-tool":"cli-firebase","deployment-callable":"true","firebase-functions-hash":"50dacd21b5969d19a69079e48f24f2e1946023e6"},"environment":"GEN_2","url":"https://us-central1-lyfeumbria.cloudfunctions.net/sendEmail","satisfiesPzi":true},"stages":[{"name":"BUILD","message":"Build in progress","state":"IN_PROGRESS","resource":"projects/627882002142/locations/us-central1/builds/3025b45d-2a6c-4a51-ab5c-e0de08ae4de3","resourceUri":"https://console.cloud.google.com/cloud-build/builds;region=us-central1/3025b45d-2a6c-4a51-ab5c-e0de08ae4de3?project=627882002142"},{"name":"SERVICE","state":"NOT_STARTED"}],"operationType":"UPDATE_FUNCTION","buildName":"projects/627882002142/locations/us-central1/builds/3025b45d-2a6c-4a51-ab5c-e0de08ae4de3"},"done":false}
[debug] [2026-02-11T14:10:31.209Z] [update-default-us-central1-sendEmail] Retrying task index 0
[debug] [2026-02-11T14:10:31.210Z] Checked if tokens are valid: true, expires at: 1770822595298
[debug] [2026-02-11T14:10:31.210Z] Checked if tokens are valid: true, expires at: 1770822595298
[debug] [2026-02-11T14:10:31.211Z] >>> [apiv2][query] GET https://cloudfunctions.googleapis.com/v2/projects/lyfeumbria/locations/us-central1/operations/operation-1770819012191-64a8cee2ee5d4-dec24efd-99b6d63a [none]
[debug] [2026-02-11T14:10:31.977Z] <<< [apiv2][status] GET https://cloudfunctions.googleapis.com/v2/projects/lyfeumbria/locations/us-central1/operations/operation-1770819012191-64a8cee2ee5d4-dec24efd-99b6d63a 200
[debug] [2026-02-11T14:10:31.977Z] <<< [apiv2][body] GET https://cloudfunctions.googleapis.com/v2/projects/lyfeumbria/locations/us-central1/operations/operation-1770819012191-64a8cee2ee5d4-dec24efd-99b6d63a {"name":"projects/lyfeumbria/locations/us-central1/operations/operation-1770819012191-64a8cee2ee5d4-dec24efd-99b6d63a","metadata":{"@type":"type.googleapis.com/google.cloud.functions.v2.OperationMetadata","createTime":"2026-02-11T14:10:12.949838576Z","target":"projects/lyfeumbria/locations/us-central1/functions/sendEmail","verb":"update","cancelRequested":false,"apiVersion":"v2","requestResource":{"@type":"type.googleapis.com/google.cloud.functions.v2.Function","name":"projects/lyfeumbria/locations/us-central1/functions/sendEmail","buildConfig":{"runtime":"nodejs24","entryPoint":"sendEmail","source":{"storageSource":{"bucket":"gcf-v2-sources-627882002142-us-central1","object":"sendEmail/function-source.zip","generation":"1770819012900476"}},"environmentVariables":{"GOOGLE_NODE_RUN_SCRIPTS":""},"dockerRepository":"projects/lyfeumbria/locations/us-central1/repositories/gcf-artifacts","sourceProvenance":{"resolvedStorageSource":{"bucket":"gcf-v2-sources-627882002142-us-central1","object":"sendEmail/function-source.zip","generation":"1770813176481168"}},"dockerRegistry":"ARTIFACT_REGISTRY","serviceAccount":"projects/lyfeumbria/serviceAccounts/627882002142-compute@developer.gserviceaccount.com","automaticUpdatePolicy":{}},"serviceConfig":{"service":"projects/lyfeumbria/locations/us-central1/services/sendemail","timeoutSeconds":60,"environmentVariables":{"FIREBASE_CONFIG":"{\"projectId\":\"lyfeumbria\",\"storageBucket\":\"lyfeumbria.firebasestorage.app\"}","GCLOUD_PROJECT":"lyfeumbria","EVENTARC_CLOUD_EVENT_SOURCE":"projects/lyfeumbria/locations/us-central1/services/sendEmail","FUNCTION_TARGET":"sendEmail","LOG_EXECUTION_ID":"true"},"ingressSettings":"ALLOW_ALL","uri":"https://sendemail-sat6yplhja-uc.a.run.app","serviceAccountEmail":"627882002142-compute@developer.gserviceaccount.com","availableMemory":"256Mi","allTrafficOnLatestRevision":true,"revision":"sendemail-00001-yis","maxInstanceRequestConcurrency":80,"availableCpu":"1"},"state":"ACTIVE","labels":{"deployment-tool":"cli-firebase","deployment-callable":"true","firebase-functions-hash":"50dacd21b5969d19a69079e48f24f2e1946023e6"},"environment":"GEN_2","url":"https://us-central1-lyfeumbria.cloudfunctions.net/sendEmail","satisfiesPzi":true},"stages":[{"name":"BUILD","message":"Build in progress","state":"IN_PROGRESS","resource":"projects/627882002142/locations/us-central1/builds/3025b45d-2a6c-4a51-ab5c-e0de08ae4de3","resourceUri":"https://console.cloud.google.com/cloud-build/builds;region=us-central1/3025b45d-2a6c-4a51-ab5c-e0de08ae4de3?project=627882002142"},{"name":"SERVICE","state":"NOT_STARTED"}],"operationType":"UPDATE_FUNCTION","buildName":"projects/627882002142/locations/us-central1/builds/3025b45d-2a6c-4a51-ab5c-e0de08ae4de3"},"done":false}
[debug] [2026-02-11T14:10:41.990Z] [update-default-us-central1-sendEmail] Retrying task index 0
[debug] [2026-02-11T14:10:41.990Z] Checked if tokens are valid: true, expires at: 1770822595298
[debug] [2026-02-11T14:10:41.990Z] Checked if tokens are valid: true, expires at: 1770822595298
[debug] [2026-02-11T14:10:41.991Z] >>> [apiv2][query] GET https://cloudfunctions.googleapis.com/v2/projects/lyfeumbria/locations/us-central1/operations/operation-1770819012191-64a8cee2ee5d4-dec24efd-99b6d63a [none]
[debug] [2026-02-11T14:10:42.736Z] <<< [apiv2][status] GET https://cloudfunctions.googleapis.com/v2/projects/lyfeumbria/locations/us-central1/operations/operation-1770819012191-64a8cee2ee5d4-dec24efd-99b6d63a 200
[debug] [2026-02-11T14:10:42.737Z] <<< [apiv2][body] GET https://cloudfunctions.googleapis.com/v2/projects/lyfeumbria/locations/us-central1/operations/operation-1770819012191-64a8cee2ee5d4-dec24efd-99b6d63a {"name":"projects/lyfeumbria/locations/us-central1/operations/operation-1770819012191-64a8cee2ee5d4-dec24efd-99b6d63a","metadata":{"@type":"type.googleapis.com/google.cloud.functions.v2.OperationMetadata","createTime":"2026-02-11T14:10:12.949838576Z","target":"projects/lyfeumbria/locations/us-central1/functions/sendEmail","verb":"update","cancelRequested":false,"apiVersion":"v2","requestResource":{"@type":"type.googleapis.com/google.cloud.functions.v2.Function","name":"projects/lyfeumbria/locations/us-central1/functions/sendEmail","buildConfig":{"runtime":"nodejs24","entryPoint":"sendEmail","source":{"storageSource":{"bucket":"gcf-v2-sources-627882002142-us-central1","object":"sendEmail/function-source.zip","generation":"1770819012900476"}},"environmentVariables":{"GOOGLE_NODE_RUN_SCRIPTS":""},"dockerRepository":"projects/lyfeumbria/locations/us-central1/repositories/gcf-artifacts","sourceProvenance":{"resolvedStorageSource":{"bucket":"gcf-v2-sources-627882002142-us-central1","object":"sendEmail/function-source.zip","generation":"1770813176481168"}},"dockerRegistry":"ARTIFACT_REGISTRY","serviceAccount":"projects/lyfeumbria/serviceAccounts/627882002142-compute@developer.gserviceaccount.com","automaticUpdatePolicy":{}},"serviceConfig":{"service":"projects/lyfeumbria/locations/us-central1/services/sendemail","timeoutSeconds":60,"environmentVariables":{"FIREBASE_CONFIG":"{\"projectId\":\"lyfeumbria\",\"storageBucket\":\"lyfeumbria.firebasestorage.app\"}","GCLOUD_PROJECT":"lyfeumbria","EVENTARC_CLOUD_EVENT_SOURCE":"projects/lyfeumbria/locations/us-central1/services/sendEmail","FUNCTION_TARGET":"sendEmail","LOG_EXECUTION_ID":"true"},"ingressSettings":"ALLOW_ALL","uri":"https://sendemail-sat6yplhja-uc.a.run.app","serviceAccountEmail":"627882002142-compute@developer.gserviceaccount.com","availableMemory":"256Mi","allTrafficOnLatestRevision":true,"revision":"sendemail-00001-yis","maxInstanceRequestConcurrency":80,"availableCpu":"1"},"state":"ACTIVE","labels":{"deployment-tool":"cli-firebase","deployment-callable":"true","firebase-functions-hash":"50dacd21b5969d19a69079e48f24f2e1946023e6"},"environment":"GEN_2","url":"https://us-central1-lyfeumbria.cloudfunctions.net/sendEmail","satisfiesPzi":true},"stages":[{"name":"BUILD","message":"Build in progress","state":"IN_PROGRESS","resource":"projects/627882002142/locations/us-central1/builds/3025b45d-2a6c-4a51-ab5c-e0de08ae4de3","resourceUri":"https://console.cloud.google.com/cloud-build/builds;region=us-central1/3025b45d-2a6c-4a51-ab5c-e0de08ae4de3?project=627882002142"},{"name":"SERVICE","state":"NOT_STARTED"}],"operationType":"UPDATE_FUNCTION","buildName":"projects/627882002142/locations/us-central1/builds/3025b45d-2a6c-4a51-ab5c-e0de08ae4de3"},"done":false}
